0 info it worked if it ends with ok
1 verbose cli [ 'C:\\Program Files\\nodejs\\node.exe',
1 verbose cli   'C:\\Program Files\\nodejs\\node_modules\\npm\\bin\\npm-cli.js',
1 verbose cli   'publish' ]
2 info using npm@3.10.10
3 info using node@v6.10.0
4 verbose publish [ '.' ]
5 silly cache add args [ '.', null ]
6 verbose cache add spec .
7 silly cache add parsed spec Result {
7 silly cache add   raw: '.',
7 silly cache add   scope: null,
7 silly cache add   escapedName: null,
7 silly cache add   name: null,
7 silly cache add   rawSpec: '.',
7 silly cache add   spec: 'D:\\Projects\\ondo',
7 silly cache add   type: 'directory' }
8 verbose addLocalDirectory C:\Users\Денис\AppData\Roaming\npm-cache\ondo\0.0.1\package.tgz not in flight; packing
9 verbose correctMkdir C:\Users\Денис\AppData\Roaming\npm-cache correctMkdir not in flight; initializing
10 info lifecycle ondo@0.0.1~prepublish: ondo@0.0.1
11 silly lifecycle ondo@0.0.1~prepublish: no script for prepublish, continuing
12 verbose tar pack [ 'C:\\Users\\Денис\\AppData\\Roaming\\npm-cache\\ondo\\0.0.1\\package.tgz',
12 verbose tar pack   'D:\\Projects\\ondo' ]
13 verbose tarball C:\Users\Денис\AppData\Roaming\npm-cache\ondo\0.0.1\package.tgz
14 verbose folder D:\Projects\ondo
15 verbose addLocalTarball adding from inside cache C:\Users\Денис\AppData\Roaming\npm-cache\ondo\0.0.1\package.tgz
16 verbose correctMkdir C:\Users\Денис\AppData\Roaming\npm-cache correctMkdir not in flight; initializing
17 silly cache afterAdd ondo@0.0.1
18 verbose afterAdd C:\Users\Денис\AppData\Roaming\npm-cache\ondo\0.0.1\package\package.json not in flight; writing
19 verbose correctMkdir C:\Users\Денис\AppData\Roaming\npm-cache correctMkdir not in flight; initializing
20 verbose afterAdd C:\Users\Денис\AppData\Roaming\npm-cache\ondo\0.0.1\package\package.json written
21 silly publish { name: 'ondo',
21 silly publish   version: '0.0.1',
21 silly publish   description: 'event emitter',
21 silly publish   main: 'index.js',
21 silly publish   scripts: { test: 'echo "Error: no test specified" && exit 1' },
21 silly publish   keywords: [ 'ondo', 'event', 'emitter' ],
21 silly publish   author: { name: 'denyzhirkov@yandex.ru, @dolphin4ik' },
21 silly publish   license: 'ISC',
21 silly publish   readme: '# ondo\r\n**on** something **do** something\r\n\r\n```js\r\nlet e = ondo();\r\n\r\ne.on(\'hello\', function(){ console.log(\'hello\'); })\r\n .on(\'world\', function(){ console.log(\'world\'); })\r\n .on(\'greet\',function(){ this.do(\'hello\').do(\'world\'); });\r\n \r\ne.do(\'greet\'); // -> hello world\r\n```\r\n.on(*event*, *callback*,*context*)\r\n.do(*event*, *context*)\r\n\r\n.**emit** == .**do**\r\n',
21 silly publish   readmeFilename: 'README.md',
21 silly publish   gitHead: '55b7844da172e4ba060ca52858da9fb9694197b7',
21 silly publish   _id: 'ondo@0.0.1',
21 silly publish   _shasum: '6e7e7a8d6e72d3e5494e1f044a69a91eaf27df82',
21 silly publish   _from: '.' }
22 verbose getPublishConfig undefined
23 silly mapToRegistry name ondo
24 silly mapToRegistry using default registry
25 silly mapToRegistry registry https://registry.npmjs.org/
26 silly mapToRegistry data Result {
26 silly mapToRegistry   raw: 'ondo',
26 silly mapToRegistry   scope: null,
26 silly mapToRegistry   escapedName: 'ondo',
26 silly mapToRegistry   name: 'ondo',
26 silly mapToRegistry   rawSpec: '',
26 silly mapToRegistry   spec: 'latest',
26 silly mapToRegistry   type: 'tag' }
27 silly mapToRegistry uri https://registry.npmjs.org/ondo
28 verbose publish registryBase https://registry.npmjs.org/
29 silly publish uploading C:\Users\Денис\AppData\Roaming\npm-cache\ondo\0.0.1\package.tgz
30 verbose request uri https://registry.npmjs.org/ondo
31 verbose request sending authorization for write operation
32 info attempt registry request try #1 at 00:10:14
33 verbose request using bearer token for auth
34 verbose request id 5843a152ec7defb2
35 http request PUT https://registry.npmjs.org/ondo
36 http 403 https://registry.npmjs.org/ondo
37 verbose headers { 'content-type': 'application/json',
37 verbose headers   'cache-control': 'max-age=300',
37 verbose headers   'content-length': '95',
37 verbose headers   'accept-ranges': 'bytes',
37 verbose headers   date: 'Tue, 28 Mar 2017 21:10:16 GMT',
37 verbose headers   via: '1.1 varnish',
37 verbose headers   connection: 'keep-alive',
37 verbose headers   'x-served-by': 'cache-ams4140-AMS',
37 verbose headers   'x-cache': 'MISS',
37 verbose headers   'x-cache-hits': '0',
37 verbose headers   'x-timer': 'S1490735415.292239,VS0,VE893',
37 verbose headers   vary: 'Accept-Encoding' }
38 verbose request invalidating C:\Users\Денис\AppData\Roaming\npm-cache\registry.npmjs.org\ondo on PUT
39 error publish Failed PUT 403
40 verbose stack Error: "You cannot publish over the previously published version 0.0.1." : ondo
40 verbose stack     at makeError (C:\Program Files\nodejs\node_modules\npm\node_modules\npm-registry-client\lib\request.js:302:12)
40 verbose stack     at CachingRegistryClient.<anonymous> (C:\Program Files\nodejs\node_modules\npm\node_modules\npm-registry-client\lib\request.js:290:14)
40 verbose stack     at Request._callback (C:\Program Files\nodejs\node_modules\npm\node_modules\npm-registry-client\lib\request.js:210:14)
40 verbose stack     at Request.self.callback (C:\Program Files\nodejs\node_modules\npm\node_modules\request\request.js:187:22)
40 verbose stack     at emitTwo (events.js:106:13)
40 verbose stack     at Request.emit (events.js:191:7)
40 verbose stack     at Request.<anonymous> (C:\Program Files\nodejs\node_modules\npm\node_modules\request\request.js:1048:10)
40 verbose stack     at emitOne (events.js:96:13)
40 verbose stack     at Request.emit (events.js:188:7)
40 verbose stack     at IncomingMessage.<anonymous> (C:\Program Files\nodejs\node_modules\npm\node_modules\request\request.js:969:12)
41 verbose statusCode 403
42 verbose pkgid ondo
43 verbose cwd D:\Projects\ondo
44 error Windows_NT 10.0.14393
45 error argv "C:\\Program Files\\nodejs\\node.exe" "C:\\Program Files\\nodejs\\node_modules\\npm\\bin\\npm-cli.js" "publish"
46 error node v6.10.0
47 error npm  v3.10.10
48 error code E403
49 error "You cannot publish over the previously published version 0.0.1." : ondo
50 error If you need help, you may report this error at:
50 error     <https://github.com/npm/npm/issues>
51 verbose exit [ 1, true ]
